<?xml version="1.0" encoding="UTF-8"?>
<testsuite name="com.fastcampus.projectboard.FastcampusProjectBoardApplicationTests" tests="1" skipped="0" failures="0" errors="0" timestamp="2022-07-23T03:06:27" hostname="LAPTOP-IQOSSBVR" time="0.834">
  <properties/>
  <testcase name="contextLoads()" classname="com.fastcampus.projectboard.FastcampusProjectBoardApplicationTests" time="0.834"/>
  <system-out><![CDATA[12:06:23.010 [Test worker] DEBUG org.springframework.test.context.BootstrapUtils - Instantiating CacheAwareContextLoaderDelegate from class [org.springframework.test.context.cache.DefaultCacheAwareContextLoaderDelegate]
12:06:23.027 [Test worker] DEBUG org.springframework.test.context.BootstrapUtils - Instantiating BootstrapContext using constructor [public org.springframework.test.context.support.DefaultBootstrapContext(java.lang.Class,org.springframework.test.context.CacheAwareContextLoaderDelegate)]
12:06:23.085 [Test worker] DEBUG org.springframework.test.context.BootstrapUtils - Instantiating TestContextBootstrapper for test class [com.fastcampus.projectboard.FastcampusProjectBoardApplicationTests] from class [org.springframework.boot.test.context.SpringBootTestContextBootstrapper]
12:06:23.103 [Test worker] INFO org.springframework.boot.test.context.SpringBootTestContextBootstrapper - Neither @ContextConfiguration nor @ContextHierarchy found for test class [com.fastcampus.projectboard.FastcampusProjectBoardApplicationTests], using SpringBootContextLoader
12:06:23.109 [Test worker] DEBUG org.springframework.test.context.support.AbstractContextLoader - Did not detect default resource location for test class [com.fastcampus.projectboard.FastcampusProjectBoardApplicationTests]: class path resource [com/fastcampus/projectboard/FastcampusProjectBoardApplicationTests-context.xml] does not exist
12:06:23.110 [Test worker] DEBUG org.springframework.test.context.support.AbstractContextLoader - Did not detect default resource location for test class [com.fastcampus.projectboard.FastcampusProjectBoardApplicationTests]: class path resource [com/fastcampus/projectboard/FastcampusProjectBoardApplicationTestsContext.groovy] does not exist
12:06:23.110 [Test worker] INFO org.springframework.test.context.support.AbstractContextLoader - Could not detect default resource locations for test class [com.fastcampus.projectboard.FastcampusProjectBoardApplicationTests]: no resource found for suffixes {-context.xml, Context.groovy}.
12:06:23.111 [Test worker] INFO org.springframework.test.context.support.AnnotationConfigContextLoaderUtils - Could not detect default configuration classes for test class [com.fastcampus.projectboard.FastcampusProjectBoardApplicationTests]: FastcampusProjectBoardApplicationTests does not declare any static, non-private, non-final, nested classes annotated with @Configuration.
12:06:23.186 [Test worker] DEBUG org.springframework.test.context.support.ActiveProfilesUtils - Could not find an 'annotation declaring class' for annotation type [org.springframework.test.context.ActiveProfiles] and class [com.fastcampus.projectboard.FastcampusProjectBoardApplicationTests]
12:06:23.278 [Test worker] DEBUG org.springframework.context.annotation.ClassPathScanningCandidateComponentProvider - Identified candidate component class: file [C:\git-local\fastcampus-project-board\build\classes\java\main\com\fastcampus\projectboard\FastcampusProjectBoardApplication.class]
12:06:23.280 [Test worker] INFO org.springframework.boot.test.context.SpringBootTestContextBootstrapper - Found @SpringBootConfiguration com.fastcampus.projectboard.FastcampusProjectBoardApplication for test class com.fastcampus.projectboard.FastcampusProjectBoardApplicationTests
12:06:23.469 [Test worker] DEBUG org.springframework.boot.test.context.SpringBootTestContextBootstrapper - @TestExecutionListeners is not present for class [com.fastcampus.projectboard.FastcampusProjectBoardApplicationTests]: using defaults.
12:06:23.470 [Test worker] INFO org.springframework.boot.test.context.SpringBootTestContextBootstrapper - Loaded default TestExecutionListener class names from location [META-INF/spring.factories]: [org.springframework.boot.test.autoconfigure.restdocs.RestDocsTestExecutionListener, org.springframework.boot.test.autoconfigure.web.client.MockRestServiceServerResetTestExecutionListener, org.springframework.boot.test.autoconfigure.web.servlet.MockMvcPrintOnlyOnFailureTestExecutionListener, org.springframework.boot.test.autoconfigure.web.servlet.WebDriverTestExecutionListener, org.springframework.boot.test.autoconfigure.webservices.client.MockWebServiceServerTestExecutionListener, org.springframework.boot.test.mock.mockito.MockitoTestExecutionListener, org.springframework.boot.test.mock.mockito.ResetMocksTestExecutionListener, org.springframework.test.context.web.ServletTestExecutionListener, org.springframework.test.context.support.DirtiesContextBeforeModesTestExecutionListener, org.springframework.test.context.event.ApplicationEventsTestExecutionListener, org.springframework.test.context.support.DependencyInjectionTestExecutionListener, org.springframework.test.context.support.DirtiesContextTestExecutionListener, org.springframework.test.context.transaction.TransactionalTestExecutionListener, org.springframework.test.context.jdbc.SqlScriptsTestExecutionListener, org.springframework.test.context.event.EventPublishingTestExecutionListener]
12:06:23.487 [Test worker] DEBUG org.springframework.boot.test.context.SpringBootTestContextBootstrapper - Skipping candidate TestExecutionListener [org.springframework.test.context.transaction.TransactionalTestExecutionListener] due to a missing dependency. Specify custom listener classes or make the default listener classes and their required dependencies available. Offending class: [org/springframework/transaction/interceptor/TransactionAttributeSource]
12:06:23.488 [Test worker] DEBUG org.springframework.boot.test.context.SpringBootTestContextBootstrapper - Skipping candidate TestExecutionListener [org.springframework.test.context.jdbc.SqlScriptsTestExecutionListener] due to a missing dependency. Specify custom listener classes or make the default listener classes and their required dependencies available. Offending class: [org/springframework/transaction/interceptor/TransactionAttribute]
12:06:23.488 [Test worker] INFO org.springframework.boot.test.context.SpringBootTestContextBootstrapper - Using TestExecutionListeners: [org.springframework.test.context.web.ServletTestExecutionListener@2364305a, org.springframework.test.context.support.DirtiesContextBeforeModesTestExecutionListener@470a696f, org.springframework.test.context.event.ApplicationEventsTestExecutionListener@1bc715b8, org.springframework.boot.test.mock.mockito.MockitoTestExecutionListener@292d1c71, org.springframework.boot.test.autoconfigure.SpringBootDependencyInjectionTestExecutionListener@2b491fee, org.springframework.test.context.support.DirtiesContextTestExecutionListener@3f1c5af9, org.springframework.test.context.event.EventPublishingTestExecutionListener@1c55f277, org.springframework.boot.test.autoconfigure.restdocs.RestDocsTestExecutionListener@5ddabb18, org.springframework.boot.test.autoconfigure.web.client.MockRestServiceServerResetTestExecutionListener@3e8f7922, org.springframework.boot.test.autoconfigure.web.servlet.MockMvcPrintOnlyOnFailureTestExecutionListener@63192798, org.springframework.boot.test.autoconfigure.web.servlet.WebDriverTestExecutionListener@50eca7c6, org.springframework.boot.test.autoconfigure.webservices.client.MockWebServiceServerTestExecutionListener@58e6d4b8, org.springframework.boot.test.mock.mockito.ResetMocksTestExecutionListener@1de5f0ef]
12:06:23.496 [Test worker] DEBUG org.springframework.test.context.support.AbstractDirtiesContextTestExecutionListener - Before test class: context [DefaultTestContext@6f0ca692 testClass = FastcampusProjectBoardApplicationTests, testInstance = [null], testMethod = [null], testException = [null], mergedContextConfiguration = [WebMergedContextConfiguration@2c104774 testClass = FastcampusProjectBoardApplicationTests, locations = '{}', classes = '{class com.fastcampus.projectboard.FastcampusProjectBoardApplication}', contextInitializerClasses = '[]', activeProfiles = '{}', propertySourceLocations = '{}', propertySourceProperties = '{org.springframework.boot.test.context.SpringBootTestContextBootstrapper=true}', contextCustomizers = set[org.springframework.boot.test.autoconfigure.actuate.metrics.MetricsExportContextCustomizerFactory$DisableMetricExportContextCustomizer@4b40f651, org.springframework.boot.test.autoconfigure.properties.PropertyMappingContextCustomizer@0, org.springframework.boot.test.autoconfigure.web.servlet.WebDriverContextCustomizerFactory$Customizer@336f1079, org.springframework.boot.test.context.filter.ExcludeFilterContextCustomizer@4b79ac84, org.springframework.boot.test.json.DuplicateJsonObjectContextCustomizerFactory$DuplicateJsonObjectContextCustomizer@5460cf3a, org.springframework.boot.test.mock.mockito.MockitoContextCustomizer@0, org.springframework.boot.test.web.client.TestRestTemplateContextCustomizer@1921ad94, org.springframework.boot.test.context.SpringBootTestArgs@1, org.springframework.boot.test.context.SpringBootTestWebEnvironment@72cde7cc], resourceBasePath = 'src/main/webapp', contextLoader = 'org.springframework.boot.test.context.SpringBootContextLoader', parent = [null]], attributes = map['org.springframework.test.context.web.ServletTestExecutionListener.activateListener' -> true]], class annotated with @DirtiesContext [false] with mode [null].

  .   ____          _            __ _ _
 /\\ / ___'_ __ _ _(_)_ __  __ _ \ \ \ \
( ( )\___ | '_ | '_| | '_ \/ _` | \ \ \ \
 \\/  ___)| |_)| | | | | || (_| |  ) ) ) )
  '  |____| .__|_| |_|_| |_\__, | / / / /
 =========|_|==============|___/=/_/_/_/
 :: Spring Boot ::                (v2.7.1)

2022-07-23 12:06:23.978  INFO 19628 --- [    Test worker] p.FastcampusProjectBoardApplicationTests : Starting FastcampusProjectBoardApplicationTests using Java 17.0.3 on LAPTOP-IQOSSBVR with PID 19628 (started by Administrator in C:\git-local\fastcampus-project-board)
2022-07-23 12:06:23.980  INFO 19628 --- [    Test worker] p.FastcampusProjectBoardApplicationTests : No active profile set, falling back to 1 default profile: "default"
2022-07-23 12:06:27.310  INFO 19628 --- [    Test worker] o.s.b.a.e.web.EndpointLinksResolver      : Exposing 1 endpoint(s) beneath base path '/actuator'
2022-07-23 12:06:27.388  INFO 19628 --- [    Test worker] p.FastcampusProjectBoardApplicationTests : Started FastcampusProjectBoardApplicationTests in 3.835 seconds (JVM running for 5.806)
]]></system-out>
  <system-err><![CDATA[]]></system-err>
</testsuite>
